1757788745.454067 client started (22332): version 3.5a, socket /private/tmp/tmux-501/default, protocol 8
1757788745.454262 on Darwin 24.6.0 Darwin Kernel Version 24.6.0: Mon Jul 14 11:30:40 PDT 2025; root:xnu-11417.140.69~1/RELEASE_ARM64_T6041
1757788745.454315 using libevent 2.1.12-stable select
1757788745.454819 using utf8proc 2.10.0
1757788745.454866 using ncurses 6.5 20240427
1757788745.454908 flags are 0x10010000
1757788745.454931 socket is /private/tmp/tmux-501/default
1757788745.454963 trying connect
1757788745.455116 add peer 0x148008000: 6 (0x0)
1757788745.458548 sending message 111 to peer 0x148008000 (8 bytes)
1757788745.458602 sending message 111 to peer 0x148008000 (8 bytes)
1757788745.458628 sending message 101 to peer 0x148008000 (14 bytes)
1757788745.458649 sending message 109 to peer 0x148008000 (4 bytes)
1757788745.458667 sending message 102 to peer 0x148008000 (13 bytes)
1757788745.458684 sending message 108 to peer 0x148008000 (36 bytes)
1757788745.458701 sending message 112 to peer 0x148008000 (70 bytes)
1757788745.458718 sending message 112 to peer 0x148008000 (5 bytes)
1757788745.458737 sending message 112 to peer 0x148008000 (5 bytes)
1757788745.458753 sending message 112 to peer 0x148008000 (6 bytes)
1757788745.458769 sending message 112 to peer 0x148008000 (6 bytes)
1757788745.458783 sending message 112 to peer 0x148008000 (11 bytes)
1757788745.458801 sending message 112 to peer 0x148008000 (10 bytes)
1757788745.458819 sending message 112 to peer 0x148008000 (13 bytes)
1757788745.458835 sending message 112 to peer 0x148008000 (14 bytes)
1757788745.458852 sending message 112 to peer 0x148008000 (9 bytes)
1757788745.458871 sending message 112 to peer 0x148008000 (21 bytes)
1757788745.458884 sending message 112 to peer 0x148008000 (19 bytes)
1757788745.458895 sending message 112 to peer 0x148008000 (11 bytes)
1757788745.458906 sending message 112 to peer 0x148008000 (21 bytes)
1757788745.458919 sending message 112 to peer 0x148008000 (13 bytes)
1757788745.458929 sending message 112 to peer 0x148008000 (7 bytes)
1757788745.458940 sending message 112 to peer 0x148008000 (13 bytes)
1757788745.458950 sending message 112 to peer 0x148008000 (7 bytes)
1757788745.458960 sending message 112 to peer 0x148008000 (13 bytes)
1757788745.458970 sending message 112 to peer 0x148008000 (9 bytes)
1757788745.458980 sending message 112 to peer 0x148008000 (21 bytes)
1757788745.458990 sending message 112 to peer 0x148008000 (13 bytes)
1757788745.459000 sending message 112 to peer 0x148008000 (9 bytes)
1757788745.459010 sending message 112 to peer 0x148008000 (16 bytes)
1757788745.459020 sending message 112 to peer 0x148008000 (13 bytes)
1757788745.459031 sending message 112 to peer 0x148008000 (9 bytes)
1757788745.459040 sending message 112 to peer 0x148008000 (9 bytes)
1757788745.459052 sending message 112 to peer 0x148008000 (12 bytes)
1757788745.459062 sending message 112 to peer 0x148008000 (8 bytes)
1757788745.459073 sending message 112 to peer 0x148008000 (12 bytes)
1757788745.459085 sending message 112 to peer 0x148008000 (8 bytes)
1757788745.459096 sending message 112 to peer 0x148008000 (13 bytes)
1757788745.459108 sending message 112 to peer 0x148008000 (7 bytes)
1757788745.459119 sending message 112 to peer 0x148008000 (7 bytes)
1757788745.459130 sending message 112 to peer 0x148008000 (9 bytes)
1757788745.459141 sending message 112 to peer 0x148008000 (12 bytes)
1757788745.459150 sending message 112 to peer 0x148008000 (6 bytes)
1757788745.459160 sending message 112 to peer 0x148008000 (9 bytes)
1757788745.459171 sending message 112 to peer 0x148008000 (15 bytes)
1757788745.459180 sending message 112 to peer 0x148008000 (13 bytes)
1757788745.459190 sending message 112 to peer 0x148008000 (9 bytes)
1757788745.459200 sending message 112 to peer 0x148008000 (12 bytes)
1757788745.459211 sending message 112 to peer 0x148008000 (8 bytes)
1757788745.459222 sending message 112 to peer 0x148008000 (14 bytes)
1757788745.459233 sending message 112 to peer 0x148008000 (11 bytes)
1757788745.459245 sending message 112 to peer 0x148008000 (9 bytes)
1757788745.459283 sending message 112 to peer 0x148008000 (10 bytes)
1757788745.459295 sending message 112 to peer 0x148008000 (10 bytes)
1757788745.459303 sending message 112 to peer 0x148008000 (10 bytes)
1757788745.459311 sending message 112 to peer 0x148008000 (10 bytes)
1757788745.459318 sending message 112 to peer 0x148008000 (11 bytes)
1757788745.459324 sending message 112 to peer 0x148008000 (12 bytes)
1757788745.459331 sending message 112 to peer 0x148008000 (12 bytes)
1757788745.459338 sending message 112 to peer 0x148008000 (12 bytes)
1757788745.459347 sending message 112 to peer 0x148008000 (12 bytes)
1757788745.459354 sending message 112 to peer 0x148008000 (12 bytes)
1757788745.459361 sending message 112 to peer 0x148008000 (11 bytes)
1757788745.459367 sending message 112 to peer 0x148008000 (11 bytes)
1757788745.459373 sending message 112 to peer 0x148008000 (12 bytes)
1757788745.459378 sending message 112 to peer 0x148008000 (12 bytes)
1757788745.459384 sending message 112 to peer 0x148008000 (12 bytes)
1757788745.459389 sending message 112 to peer 0x148008000 (12 bytes)
1757788745.459394 sending message 112 to peer 0x148008000 (12 bytes)
1757788745.459399 sending message 112 to peer 0x148008000 (9 bytes)
1757788745.459403 sending message 112 to peer 0x148008000 (12 bytes)
1757788745.459407 sending message 112 to peer 0x148008000 (13 bytes)
1757788745.459412 sending message 112 to peer 0x148008000 (13 bytes)
1757788745.459417 sending message 112 to peer 0x148008000 (13 bytes)
1757788745.459421 sending message 112 to peer 0x148008000 (13 bytes)
1757788745.459425 sending message 112 to peer 0x148008000 (13 bytes)
1757788745.459430 sending message 112 to peer 0x148008000 (8 bytes)
1757788745.459435 sending message 112 to peer 0x148008000 (11 bytes)
1757788745.459441 sending message 112 to peer 0x148008000 (11 bytes)
1757788745.459446 sending message 112 to peer 0x148008000 (11 bytes)
1757788745.459451 sending message 112 to peer 0x148008000 (12 bytes)
1757788745.459457 sending message 112 to peer 0x148008000 (12 bytes)
1757788745.459462 sending message 112 to peer 0x148008000 (12 bytes)
1757788745.459467 sending message 112 to peer 0x148008000 (12 bytes)
1757788745.459473 sending message 112 to peer 0x148008000 (13 bytes)
1757788745.459478 sending message 112 to peer 0x148008000 (13 bytes)
1757788745.459484 sending message 112 to peer 0x148008000 (13 bytes)
1757788745.459491 sending message 112 to peer 0x148008000 (8 bytes)
1757788745.459496 sending message 112 to peer 0x148008000 (13 bytes)
1757788745.459502 sending message 112 to peer 0x148008000 (13 bytes)
1757788745.459507 sending message 112 to peer 0x148008000 (13 bytes)
1757788745.459512 sending message 112 to peer 0x148008000 (13 bytes)
1757788745.459517 sending message 112 to peer 0x148008000 (13 bytes)
1757788745.459523 sending message 112 to peer 0x148008000 (12 bytes)
1757788745.459529 sending message 112 to peer 0x148008000 (12 bytes)
1757788745.459534 sending message 112 to peer 0x148008000 (12 bytes)
1757788745.459539 sending message 112 to peer 0x148008000 (12 bytes)
1757788745.459544 sending message 112 to peer 0x148008000 (13 bytes)
1757788745.459548 sending message 112 to peer 0x148008000 (8 bytes)
1757788745.459553 sending message 112 to peer 0x148008000 (13 bytes)
1757788745.459559 sending message 112 to peer 0x148008000 (13 bytes)
1757788745.459565 sending message 112 to peer 0x148008000 (13 bytes)
1757788745.459570 sending message 112 to peer 0x148008000 (13 bytes)
1757788745.459575 sending message 112 to peer 0x148008000 (13 bytes)
1757788745.459582 sending message 112 to peer 0x148008000 (13 bytes)
1757788745.459588 sending message 112 to peer 0x148008000 (13 bytes)
1757788745.459594 sending message 112 to peer 0x148008000 (12 bytes)
1757788745.459599 sending message 112 to peer 0x148008000 (12 bytes)
1757788745.459604 sending message 112 to peer 0x148008000 (12 bytes)
1757788745.459610 sending message 112 to peer 0x148008000 (8 bytes)
1757788745.459617 sending message 112 to peer 0x148008000 (12 bytes)
1757788745.459623 sending message 112 to peer 0x148008000 (13 bytes)
1757788745.459648 sending message 112 to peer 0x148008000 (13 bytes)
1757788745.459657 sending message 112 to peer 0x148008000 (13 bytes)
1757788745.459661 sending message 112 to peer 0x148008000 (13 bytes)
1757788745.459667 sending message 112 to peer 0x148008000 (13 bytes)
1757788745.459672 sending message 112 to peer 0x148008000 (13 bytes)
1757788745.459678 sending message 112 to peer 0x148008000 (13 bytes)
1757788745.459684 sending message 112 to peer 0x148008000 (13 bytes)
1757788745.459690 sending message 112 to peer 0x148008000 (12 bytes)
1757788745.459696 sending message 112 to peer 0x148008000 (10 bytes)
1757788745.459702 sending message 112 to peer 0x148008000 (12 bytes)
1757788745.459708 sending message 112 to peer 0x148008000 (12 bytes)
1757788745.459715 sending message 112 to peer 0x148008000 (12 bytes)
1757788745.459720 sending message 112 to peer 0x148008000 (13 bytes)
1757788745.459726 sending message 112 to peer 0x148008000 (13 bytes)
1757788745.459733 sending message 112 to peer 0x148008000 (13 bytes)
1757788745.459738 sending message 112 to peer 0x148008000 (13 bytes)
1757788745.459743 sending message 112 to peer 0x148008000 (13 bytes)
1757788745.459749 sending message 112 to peer 0x148008000 (13 bytes)
1757788745.459755 sending message 112 to peer 0x148008000 (13 bytes)
1757788745.459760 sending message 112 to peer 0x148008000 (10 bytes)
1757788745.459766 sending message 112 to peer 0x148008000 (13 bytes)
1757788745.459771 sending message 112 to peer 0x148008000 (12 bytes)
1757788745.459777 sending message 112 to peer 0x148008000 (12 bytes)
1757788745.459783 sending message 112 to peer 0x148008000 (12 bytes)
1757788745.459789 sending message 112 to peer 0x148008000 (10 bytes)
1757788745.459794 sending message 112 to peer 0x148008000 (10 bytes)
1757788745.459800 sending message 112 to peer 0x148008000 (10 bytes)
1757788745.459805 sending message 112 to peer 0x148008000 (12 bytes)
1757788745.459810 sending message 112 to peer 0x148008000 (13 bytes)
1757788745.459815 sending message 112 to peer 0x148008000 (13 bytes)
1757788745.459820 sending message 112 to peer 0x148008000 (13 bytes)
1757788745.459825 sending message 112 to peer 0x148008000 (13 bytes)
1757788745.459830 sending message 112 to peer 0x148008000 (13 bytes)
1757788745.459835 sending message 112 to peer 0x148008000 (10 bytes)
1757788745.459841 sending message 112 to peer 0x148008000 (11 bytes)
1757788745.459847 sending message 112 to peer 0x148008000 (12 bytes)
1757788745.459853 sending message 112 to peer 0x148008000 (12 bytes)
1757788745.459858 sending message 112 to peer 0x148008000 (12 bytes)
1757788745.459864 sending message 112 to peer 0x148008000 (12 bytes)
1757788745.459870 sending message 112 to peer 0x148008000 (12 bytes)
1757788745.459876 sending message 112 to peer 0x148008000 (11 bytes)
1757788745.459882 sending message 112 to peer 0x148008000 (12 bytes)
1757788745.459888 sending message 112 to peer 0x148008000 (12 bytes)
1757788745.459894 sending message 112 to peer 0x148008000 (13 bytes)
1757788745.459901 sending message 112 to peer 0x148008000 (13 bytes)
1757788745.459907 sending message 112 to peer 0x148008000 (13 bytes)
1757788745.459914 sending message 112 to peer 0x148008000 (13 bytes)
1757788745.459920 sending message 112 to peer 0x148008000 (13 bytes)
1757788745.459926 sending message 112 to peer 0x148008000 (10 bytes)
1757788745.459933 sending message 112 to peer 0x148008000 (9 bytes)
1757788745.459938 sending message 112 to peer 0x148008000 (12 bytes)
1757788745.459944 sending message 112 to peer 0x148008000 (13 bytes)
1757788745.459950 sending message 112 to peer 0x148008000 (13 bytes)
1757788745.459956 sending message 112 to peer 0x148008000 (13 bytes)
1757788745.459962 sending message 112 to peer 0x148008000 (13 bytes)
1757788745.459967 sending message 112 to peer 0x148008000 (13 bytes)
1757788745.459973 sending message 112 to peer 0x148008000 (9 bytes)
1757788745.459979 sending message 112 to peer 0x148008000 (12 bytes)
1757788745.459986 sending message 112 to peer 0x148008000 (13 bytes)
1757788745.460008 sending message 112 to peer 0x148008000 (13 bytes)
1757788745.460045 sending message 112 to peer 0x148008000 (13 bytes)
1757788745.460054 sending message 112 to peer 0x148008000 (13 bytes)
1757788745.460180 sending message 112 to peer 0x148008000 (13 bytes)
1757788745.460246 sending message 112 to peer 0x148008000 (11 bytes)
1757788745.460255 sending message 112 to peer 0x148008000 (12 bytes)
1757788745.460260 sending message 112 to peer 0x148008000 (13 bytes)
1757788745.460265 sending message 112 to peer 0x148008000 (13 bytes)
1757788745.460269 sending message 112 to peer 0x148008000 (13 bytes)
1757788745.460274 sending message 112 to peer 0x148008000 (13 bytes)
1757788745.460278 sending message 112 to peer 0x148008000 (13 bytes)
1757788745.460282 sending message 112 to peer 0x148008000 (11 bytes)
1757788745.460287 sending message 112 to peer 0x148008000 (12 bytes)
1757788745.460291 sending message 112 to peer 0x148008000 (12 bytes)
1757788745.460295 sending message 112 to peer 0x148008000 (12 bytes)
1757788745.460298 sending message 112 to peer 0x148008000 (12 bytes)
1757788745.460302 sending message 112 to peer 0x148008000 (12 bytes)
1757788745.460305 sending message 112 to peer 0x148008000 (21 bytes)
1757788745.460314 sending message 112 to peer 0x148008000 (12 bytes)
1757788745.460319 sending message 112 to peer 0x148008000 (9 bytes)
1757788745.460323 sending message 112 to peer 0x148008000 (6 bytes)
1757788745.460327 sending message 112 to peer 0x148008000 (13 bytes)
1757788745.460330 sending message 112 to peer 0x148008000 (10 bytes)
1757788745.460334 sending message 112 to peer 0x148008000 (15 bytes)
1757788745.460337 sending message 112 to peer 0x148008000 (13 bytes)
1757788745.460341 sending message 112 to peer 0x148008000 (9 bytes)
1757788745.460344 sending message 112 to peer 0x148008000 (70 bytes)
1757788745.460351 sending message 112 to peer 0x148008000 (69 bytes)
1757788745.460355 sending message 112 to peer 0x148008000 (34 bytes)
1757788745.460358 sending message 112 to peer 0x148008000 (34 bytes)
1757788745.460362 sending message 112 to peer 0x148008000 (70 bytes)
1757788745.460365 sending message 112 to peer 0x148008000 (12 bytes)
1757788745.460369 sending message 112 to peer 0x148008000 (10 bytes)
1757788745.460372 sending message 112 to peer 0x148008000 (10 bytes)
1757788745.460376 sending message 112 to peer 0x148008000 (15 bytes)
1757788745.460379 sending message 112 to peer 0x148008000 (13 bytes)
1757788745.460382 sending message 112 to peer 0x148008000 (10 bytes)
1757788745.460386 sending message 112 to peer 0x148008000 (10 bytes)
1757788745.460389 sending message 112 to peer 0x148008000 (17 bytes)
1757788745.460393 sending message 112 to peer 0x148008000 (10 bytes)
1757788745.460396 sending message 112 to peer 0x148008000 (13 bytes)
1757788745.460400 sending message 112 to peer 0x148008000 (32 bytes)
1757788745.460403 sending message 112 to peer 0x148008000 (5 bytes)
1757788745.460407 sending message 112 to peer 0x148008000 (9 bytes)
1757788745.460410 sending message 112 to peer 0x148008000 (15 bytes)
1757788745.460413 sending message 112 to peer 0x148008000 (5 bytes)
1757788745.460422 sending message 104 to peer 0x148008000 (0 bytes)
1757788745.460430 sending message 110 to peer 0x148008000 (0 bytes)
1757788745.460434 sending message 107 to peer 0x148008000 (4 bytes)
1757788745.460438 sending message 105 to peer 0x148008000 (33 bytes)
1757788745.460442 sending message 105 to peer 0x148008000 (40 bytes)
1757788745.460445 sending message 105 to peer 0x148008000 (57 bytes)
1757788745.460452 sending message 105 to peer 0x148008000 (98 bytes)
1757788745.460455 sending message 105 to peer 0x148008000 (26 bytes)
1757788745.460459 sending message 105 to peer 0x148008000 (29 bytes)
1757788745.460462 sending message 105 to peer 0x148008000 (43 bytes)
1757788745.460466 sending message 105 to peer 0x148008000 (13 bytes)
1757788745.460469 sending message 105 to peer 0x148008000 (36 bytes)
1757788745.460473 sending message 105 to peer 0x148008000 (22 bytes)
1757788745.460506 sending message 105 to peer 0x148008000 (18 bytes)
1757788745.460511 sending message 105 to peer 0x148008000 (204 bytes)
1757788745.460518 sending message 105 to peer 0x148008000 (17 bytes)
1757788745.460522 sending message 105 to peer 0x148008000 (44 bytes)
1757788745.460525 sending message 105 to peer 0x148008000 (43 bytes)
1757788745.460529 sending message 105 to peer 0x148008000 (14 bytes)
1757788745.460532 sending message 105 to peer 0x148008000 (32 bytes)
1757788745.460536 sending message 105 to peer 0x148008000 (63 bytes)
1757788745.460540 sending message 105 to peer 0x148008000 (105 bytes)
1757788745.460543 sending message 105 to peer 0x148008000 (453 bytes)
1757788745.460579 sending message 105 to peer 0x148008000 (55 bytes)
1757788745.460586 sending message 105 to peer 0x148008000 (12 bytes)
1757788745.460590 sending message 105 to peer 0x148008000 (21 bytes)
1757788745.460593 sending message 105 to peer 0x148008000 (14 bytes)
1757788745.460597 sending message 105 to peer 0x148008000 (46 bytes)
1757788745.460601 sending message 105 to peer 0x148008000 (20 bytes)
1757788745.460605 sending message 105 to peer 0x148008000 (26 bytes)
1757788745.460608 sending message 105 to peer 0x148008000 (19 bytes)
1757788745.460611 sending message 105 to peer 0x148008000 (8 bytes)
1757788745.460615 sending message 105 to peer 0x148008000 (24 bytes)
1757788745.460618 sending message 105 to peer 0x148008000 (75 bytes)
1757788745.460622 sending message 105 to peer 0x148008000 (18 bytes)
1757788745.460625 sending message 105 to peer 0x148008000 (57 bytes)
1757788745.460629 sending message 105 to peer 0x148008000 (19 bytes)
1757788745.460632 sending message 105 to peer 0x148008000 (60 bytes)
1757788745.460636 sending message 105 to peer 0x148008000 (11 bytes)
1757788745.460639 sending message 105 to peer 0x148008000 (31 bytes)
1757788745.460642 sending message 106 to peer 0x148008000 (0 bytes)
1757788745.460730 sending message 200 to peer 0x148008000 (4 bytes)
1757788745.460737 client loop enter
1757788745.461055 peer 0x148008000 message 303
1757788745.461071 open write file 2 -
1757788745.461092 sending message 305 to peer 0x148008000 (8 bytes)
1757788745.461109 write check file 2
1757788745.461162 peer 0x148008000 message 304
1757788745.461168 write 58 to file 2
1757788745.461185 peer 0x148008000 message 203
1757788745.461189 file 2 58 bytes left
1757788745.461205 write check file 2
1757788745.461211 client loop exit
